<?xml version="1.0" encoding="UTF-8"?>
<!-- Generated by org.testng.reporters.JUnitReportReporter -->
<testsuite hostname="LAPTOP-8SCEEOF3" failures="0" tests="2" name="com.Main_Module.MainTestModule" time="7.570" errors="0" timestamp="2024-03-22T09:27:07 IST" skipped="1">
  <testcase classname="com.Main_Module.MainTestModule" name="login" time="7.570"/>
  <testcase classname="com.Main_Module.MainTestModule" name="brand">
    <skipped/>
  </testcase> <!-- brand -->
</testsuite> <!-- com.Main_Module.MainTestModule -->
