<?xml version="1.0" encoding="UTF-8"?>
<!-- Generated by org.testng.reporters.JUnitReportReporter -->
<testsuite hostname="LAPTOP-8SCEEOF3" failures="0" tests="4" name="com.Modules.menubar" time="38.094" errors="0" timestamp="2024-03-29T10:59:04 IST" skipped="0">
  <testcase classname="com.Modules.menubar" name="login" time="11.367"/>
  <testcase classname="com.Modules.menubar" name="move_menubar" time="10.258"/>
  <testcase classname="com.Modules.menubar" name="orders" time="8.224"/>
  <testcase classname="com.Modules.menubar" name="favourites" time="8.245"/>
</testsuite> <!-- com.Modules.menubar -->
