<?xml version="1.0" encoding="UTF-8"?>
<!-- Generated by org.testng.reporters.JUnitReportReporter -->
<testsuite hostname="LAPTOP-8SCEEOF3" failures="0" tests="12" name="com.Main_Module.main_test" time="115.375" errors="0" timestamp="2024-04-01T10:28:09 IST" skipped="0">
  <testcase classname="com.Main_Module.main_test" name="login" time="11.526"/>
  <testcase classname="com.Main_Module.main_test" name="brand" time="6.097"/>
  <testcase classname="com.Main_Module.main_test" name="addtocart" time="6.119"/>
  <testcase classname="com.Main_Module.main_test" name="checkout" time="5.125"/>
  <testcase classname="com.Main_Module.main_test" name="details_enter" time="14.830"/>
  <testcase classname="com.Main_Module.main_test" name="receipt" time="3.992"/>
  <testcase classname="com.Main_Module.main_test" name="c_shopping" time="5.102"/>
  <testcase classname="com.Main_Module.main_test" name="navigate" time="26.817"/>
  <testcase classname="com.Main_Module.main_test" name="favbtn" time="20.047"/>
  <testcase classname="com.Main_Module.main_test" name="filter" time="4.219"/>
  <testcase classname="com.Main_Module.main_test" name="scr_down" time="9.371"/>
  <testcase classname="com.Main_Module.main_test" name="logout_user" time="2.130"/>
</testsuite> <!-- com.Main_Module.main_test -->
