<?xml version="1.0" encoding="UTF-8"?>
<!-- Generated by org.testng.reporters.JUnitReportReporter -->
<testsuite hostname="LAPTOP-8SCEEOF3" failures="0" tests="1" name="com.Modules.select_brand" time="7.927" errors="0" timestamp="2024-03-20T15:00:13 IST" skipped="0">
  <testcase classname="com.Modules.select_brand" name="bd" time="7.927"/>
</testsuite> <!-- com.Modules.select_brand -->
